<?xml version="1.0" encoding="UTF-8"?>
<testng-results ignored="0" total="1" passed="1" failed="0" skipped="0">
  <reporter-output>
  </reporter-output>
  <suite started-at="2024-01-23T10:11:04 GMT-06:00" name="Suite" finished-at="2024-01-23T10:11:04 GMT-06:00" duration-ms="111">
    <groups>
    </groups>
    <test started-at="2024-01-23T10:11:04 GMT-06:00" name="Test" finished-at="2024-01-23T10:11:04 GMT-06:00" duration-ms="111">
      <class name="com.basics.HelloWorld">
        <test-method signature="printMessage()[pri:0, instance:com.basics.HelloWorld@15888343]" started-at="2024-01-23T10:11:04 GMT-06:00" name="printMessage" finished-at="2024-01-23T10:11:04 GMT-06:00" duration-ms="16" status="PASS">
          <reporter-output>
          </reporter-output>
        </test-method> <!-- printMessage -->
      </class> <!-- com.basics.HelloWorld -->
    </test> <!-- Test -->
  </suite> <!-- Suite -->
</testng-results>
